[debug] [2018-07-11T20:52:10.231Z] ----------------------------------------------------------------------
[debug] [2018-07-11T20:52:10.233Z] Command:       C:\Program Files\nodejs\node.exe C:\Users\scssa\AppData\Roaming\npm\node_modules\firebase-tools\bin\firebase deploy --only functions
[debug] [2018-07-11T20:52:10.233Z] CLI Version:   3.18.5
[debug] [2018-07-11T20:52:10.233Z] Platform:      win32
[debug] [2018-07-11T20:52:10.233Z] Node Version:  v8.11.2
[debug] [2018-07-11T20:52:10.233Z] Time:          Wed Jul 11 2018 22:52:10 GMT+0200 (W. Europe Daylight Time)
[debug] [2018-07-11T20:52:10.233Z] ----------------------------------------------------------------------
[debug] 
[debug] [2018-07-11T20:52:10.243Z] > command requires scopes: ["email","openid","https://www.googleapis.com/auth/cloudplatformprojects.readonly","https://www.googleapis.com/auth/firebase","https://www.googleapis.com/auth/cloud-platform"]
[debug] [2018-07-11T20:52:10.243Z] > authorizing via signed-in user
[debug] [2018-07-11T20:52:10.244Z] > refreshing access token with scopes: ["email","https://www.googleapis.com/auth/cloud-platform","https://www.googleapis.com/auth/cloudplatformprojects.readonly","https://www.googleapis.com/auth/firebase","openid"]
[debug] [2018-07-11T20:52:10.244Z] >>> HTTP REQUEST POST https://www.googleapis.com/oauth2/v3/token  
 { refresh_token: '1/O5wH0iYFytn-NJWvrgnwZ0hqytRyftqtoKIk6NzQgj5TZu7BRgR_eFul8oDnKhQ0',
  client_id: '563584335869-fgrhgmd47bqnekij5i8b5pr03ho849e6.apps.googleusercontent.com',
  client_secret: 'j9iVZfS8kkCEFUPaAeJV0sAi',
  grant_type: 'refresh_token',
  scope: 'email https://www.googleapis.com/auth/cloud-platform https://www.googleapis.com/auth/cloudplatformprojects.readonly https://www.googleapis.com/auth/firebase openid' } 
 Wed Jul 11 2018 22:52:10 GMT+0200 (W. Europe Daylight Time)
[debug] [2018-07-11T20:52:10.366Z] <<< HTTP RESPONSE 200
[debug] [2018-07-11T20:52:10.370Z] >>> HTTP REQUEST GET https://admin.firebase.com/v1/projects/minbehandling-d1be9  
  
 Wed Jul 11 2018 22:52:10 GMT+0200 (W. Europe Daylight Time)
[debug] [2018-07-11T20:52:11.056Z] <<< HTTP RESPONSE 200
[debug] [2018-07-11T20:52:11.056Z] >>> HTTP REQUEST GET https://admin.firebase.com/v1/database/minbehandling-d1be9/tokens  
  
 Wed Jul 11 2018 22:52:11 GMT+0200 (W. Europe Daylight Time)
[debug] [2018-07-11T20:52:11.748Z] <<< HTTP RESPONSE 200
[info] 
[info] === Deploying to 'minbehandling-d1be9'...
[info] 
[info] i  deploying functions
[info] Running command: npm --prefix "$RESOURCE_DIR" run lint
[info] Running command: npm --prefix "$RESOURCE_DIR" run build
[info] +  functions: Finished running predeploy script.
[debug] [2018-07-11T20:52:18.748Z] > [functions] package.json contents: {
  "name": "functions",
  "scripts": {
    "lint": "tslint --project tsconfig.json",
    "build": "tsc",
    "serve": "npm run build && firebase serve --only functions",
    "shell": "npm run build && firebase functions:shell",
    "start": "npm run shell",
    "deploy": "firebase deploy --only functions",
    "logs": "firebase functions:log"
  },
  "main": "lib/index.js",
  "dependencies": {
    "firebase-admin": "^5.12.1",
    "firebase-functions": "^1.0.4",
    "moment": "^2.22.2"
  },
  "devDependencies": {
    "tslint": "^5.8.0",
    "typescript": "^2.5.3"
  },
  "private": true
}
[info] i  functions: ensuring necessary APIs are enabled...
[debug] [2018-07-11T20:52:18.749Z] >>> HTTP REQUEST GET https://servicemanagement.googleapis.com/v1/services/cloudfunctions.googleapis.com/projectSettings/minbehandling-d1be9?view=CONSUMER_VIEW  
  
 Wed Jul 11 2018 22:52:18 GMT+0200 (W. Europe Daylight Time)
[debug] [2018-07-11T20:52:18.749Z] >>> HTTP REQUEST GET https://servicemanagement.googleapis.com/v1/services/runtimeconfig.googleapis.com/projectSettings/minbehandling-d1be9?view=CONSUMER_VIEW  
  
 Wed Jul 11 2018 22:52:18 GMT+0200 (W. Europe Daylight Time)
[debug] [2018-07-11T20:52:20.177Z] <<< HTTP RESPONSE 200
[info] +  functions: all necessary APIs are enabled
[debug] [2018-07-11T20:52:20.200Z] <<< HTTP RESPONSE 200
[debug] [2018-07-11T20:52:20.201Z] >>> HTTP REQUEST GET https://cloudresourcemanager.googleapis.com/v1/projects/minbehandling-d1be9  
  
 Wed Jul 11 2018 22:52:20 GMT+0200 (W. Europe Daylight Time)
[debug] [2018-07-11T20:52:21.154Z] <<< HTTP RESPONSE 200
[debug] [2018-07-11T20:52:21.154Z] >>> HTTP REQUEST GET https://mobilesdk-pa.googleapis.com/v1/projects/162278923185:getServerAppConfig  
  
 Wed Jul 11 2018 22:52:21 GMT+0200 (W. Europe Daylight Time)
[debug] [2018-07-11T20:52:21.694Z] <<< HTTP RESPONSE 200
[info] i  functions: preparing functions directory for uploading...
[debug] [2018-07-11T20:52:21.694Z] >>> HTTP REQUEST GET https://runtimeconfig.googleapis.com/v1beta1/projects/minbehandling-d1be9/configs  
  
 Wed Jul 11 2018 22:52:21 GMT+0200 (W. Europe Daylight Time)
[debug] [2018-07-11T20:52:22.712Z] <<< HTTP RESPONSE 200
[info] i  functions: packaged functions (176.77 KB) for uploading
[debug] [2018-07-11T20:52:23.077Z] >>> HTTP REQUEST POST https://cloudfunctions.googleapis.com/v1/projects/minbehandling-d1be9/locations/us-central1/functions:generateUploadUrl  
  
 Wed Jul 11 2018 22:52:23 GMT+0200 (W. Europe Daylight Time)
[debug] [2018-07-11T20:52:23.657Z] <<< HTTP RESPONSE 200
[debug] [2018-07-11T20:52:23.657Z] >>> HTTP REQUEST PUT https://storage.googleapis.com/gcf-upload-us-central1-95f2a518-8253-4f46-b7a6-5950729be2a6/09f477ca-38c7-4f55-ac51-41bed2c3c029.zip?GoogleAccessId=service-162278923185@gcf-admin-robot.iam.gserviceaccount.com&Expires=1531344142&Signature=KZ%2FlXGS35Lx61mG4ZdhuVli54HJszV6p1Rn3%2BuGtL5UjvLpf1NYbCvL9f7TjrFn0ejlEtz0ZiCdE0ycILWAx9R%2FDi2fDTeGjgWRQhmovBAp%2FDLfN2iUOQVso869ycU%2BU0yJt1tFeO5aSfZfRFoNpRGOx6fLoPY4OZSNo4s8R9UXsmyK0GaSEekiSDNgROSvwBeEw5A9YK6JOS24tBmKmBzM9cI3El%2FmmbxtM0wdkEwKlRxbn89orE5%2BgrpFfdySCVB0s%2FWCL59BVINWNUvNXMY1jQ6UrMVICxMky1sigJ0amBxH1h6cRLV0kTZM3JI4y%2FIfC%2FQTtJOvKIHtB56O4fw%3D%3D  
 ReadStream {
  _readableState: 
   ReadableState {
     objectMode: false,
     highWaterMark: 65536,
     buffer: BufferList { head: [Object], tail: [Object], length: 1 },
     length: 65536,
     pipes: null,
     pipesCount: 0,
     flowing: null,
     ended: false,
     endEmitted: false,
     reading: false,
     sync: false,
     needReadable: false,
     emittedReadable: true,
     readableListening: false,
     resumeScheduled: false,
     destroyed: false,
     defaultEncoding: 'utf8',
     awaitDrain: 0,
     readingMore: false,
     decoder: null,
     encoding: null },
  readable: true,
  domain: null,
  _events: { end: [Function] },
  _eventsCount: 1,
  _maxListeners: undefined,
  path: 'C:\\Users\\scssa\\AppData\\Local\\Temp\\firebase-functions-158769p2bInjzI6Sz.zip',
  fd: 5,
  flags: 'r',
  mode: 438,
  start: undefined,
  end: Infinity,
  autoClose: true,
  pos: undefined,
  bytesRead: 65536 } 
 Wed Jul 11 2018 22:52:23 GMT+0200 (W. Europe Daylight Time)
[debug] [2018-07-11T20:52:24.618Z] <<< HTTP RESPONSE 200
[info] +  functions: functions folder uploaded successfully
[debug] [2018-07-11T20:52:24.619Z] >>> HTTP REQUEST GET https://cloudfunctions.googleapis.com/v1/projects/minbehandling-d1be9/locations/us-central1/functions  
  
 Wed Jul 11 2018 22:52:24 GMT+0200 (W. Europe Daylight Time)
[debug] [2018-07-11T20:52:25.182Z] <<< HTTP RESPONSE 200
[info] i  functions: updating function createEvents...
[debug] [2018-07-11T20:52:25.184Z] Trigger is:  {"httpsTrigger":{}}
[info] i  functions: updating function pushSupport...
[debug] [2018-07-11T20:52:25.184Z] Trigger is:  {"eventTrigger":{"resource":"projects/minbehandling-d1be9/databases/(default)/documents/users/{userEmail}/familyposts/{myfamId}","eventType":"providers/cloud.firestore/eventTypes/document.create","service":"firestore.googleapis.com"}}
[info] i  functions: updating function pushStory...
[debug] [2018-07-11T20:52:25.185Z] Trigger is:  {"eventTrigger":{"resource":"projects/minbehandling-d1be9/databases/(default)/documents/mystories/{storyId}/comments/{commentId}","eventType":"providers/cloud.firestore/eventTypes/document.create","service":"firestore.googleapis.com"}}
[info] i  functions: updating function pushForum...
[debug] [2018-07-11T20:52:25.185Z] Trigger is:  {"eventTrigger":{"resource":"projects/minbehandling-d1be9/databases/(default)/documents/forumcomments/{id}","eventType":"providers/cloud.firestore/eventTypes/document.create","service":"firestore.googleapis.com"}}
[debug] [2018-07-11T20:52:25.186Z] >>> HTTP REQUEST PATCH https://cloudfunctions.googleapis.com/v1/projects/minbehandling-d1be9/locations/us-central1/functions/createEvents 
query params: {"updateMask":"sourceUploadUrl,name,labels,httpsTrigger"} 
 { sourceUploadUrl: 'https://storage.googleapis.com/gcf-upload-us-central1-95f2a518-8253-4f46-b7a6-5950729be2a6/09f477ca-38c7-4f55-ac51-41bed2c3c029.zip?GoogleAccessId=service-162278923185@gcf-admin-robot.iam.gserviceaccount.com&Expires=1531344142&Signature=KZ%2FlXGS35Lx61mG4ZdhuVli54HJszV6p1Rn3%2BuGtL5UjvLpf1NYbCvL9f7TjrFn0ejlEtz0ZiCdE0ycILWAx9R%2FDi2fDTeGjgWRQhmovBAp%2FDLfN2iUOQVso869ycU%2BU0yJt1tFeO5aSfZfRFoNpRGOx6fLoPY4OZSNo4s8R9UXsmyK0GaSEekiSDNgROSvwBeEw5A9YK6JOS24tBmKmBzM9cI3El%2FmmbxtM0wdkEwKlRxbn89orE5%2BgrpFfdySCVB0s%2FWCL59BVINWNUvNXMY1jQ6UrMVICxMky1sigJ0amBxH1h6cRLV0kTZM3JI4y%2FIfC%2FQTtJOvKIHtB56O4fw%3D%3D',
  name: 'projects/minbehandling-d1be9/locations/us-central1/functions/createEvents',
  labels: { 'deployment-tool': 'cli-firebase' },
  httpsTrigger: {} } 
 Wed Jul 11 2018 22:52:25 GMT+0200 (W. Europe Daylight Time)
[debug] [2018-07-11T20:52:25.186Z] >>> HTTP REQUEST PATCH https://cloudfunctions.googleapis.com/v1/projects/minbehandling-d1be9/locations/us-central1/functions/pushSupport 
query params: {"updateMask":"sourceUploadUrl,name,labels,eventTrigger.resource,eventTrigger.eventType,eventTrigger.service"} 
 { sourceUploadUrl: 'https://storage.googleapis.com/gcf-upload-us-central1-95f2a518-8253-4f46-b7a6-5950729be2a6/09f477ca-38c7-4f55-ac51-41bed2c3c029.zip?GoogleAccessId=service-162278923185@gcf-admin-robot.iam.gserviceaccount.com&Expires=1531344142&Signature=KZ%2FlXGS35Lx61mG4ZdhuVli54HJszV6p1Rn3%2BuGtL5UjvLpf1NYbCvL9f7TjrFn0ejlEtz0ZiCdE0ycILWAx9R%2FDi2fDTeGjgWRQhmovBAp%2FDLfN2iUOQVso869ycU%2BU0yJt1tFeO5aSfZfRFoNpRGOx6fLoPY4OZSNo4s8R9UXsmyK0GaSEekiSDNgROSvwBeEw5A9YK6JOS24tBmKmBzM9cI3El%2FmmbxtM0wdkEwKlRxbn89orE5%2BgrpFfdySCVB0s%2FWCL59BVINWNUvNXMY1jQ6UrMVICxMky1sigJ0amBxH1h6cRLV0kTZM3JI4y%2FIfC%2FQTtJOvKIHtB56O4fw%3D%3D',
  name: 'projects/minbehandling-d1be9/locations/us-central1/functions/pushSupport',
  labels: { 'deployment-tool': 'cli-firebase' },
  eventTrigger: 
   { resource: 'projects/minbehandling-d1be9/databases/(default)/documents/users/{userEmail}/familyposts/{myfamId}',
     eventType: 'providers/cloud.firestore/eventTypes/document.create',
     service: 'firestore.googleapis.com' } } 
 Wed Jul 11 2018 22:52:25 GMT+0200 (W. Europe Daylight Time)
[debug] [2018-07-11T20:52:25.187Z] >>> HTTP REQUEST PATCH https://cloudfunctions.googleapis.com/v1/projects/minbehandling-d1be9/locations/us-central1/functions/pushStory 
query params: {"updateMask":"sourceUploadUrl,name,labels,eventTrigger.resource,eventTrigger.eventType,eventTrigger.service"} 
 { sourceUploadUrl: 'https://storage.googleapis.com/gcf-upload-us-central1-95f2a518-8253-4f46-b7a6-5950729be2a6/09f477ca-38c7-4f55-ac51-41bed2c3c029.zip?GoogleAccessId=service-162278923185@gcf-admin-robot.iam.gserviceaccount.com&Expires=1531344142&Signature=KZ%2FlXGS35Lx61mG4ZdhuVli54HJszV6p1Rn3%2BuGtL5UjvLpf1NYbCvL9f7TjrFn0ejlEtz0ZiCdE0ycILWAx9R%2FDi2fDTeGjgWRQhmovBAp%2FDLfN2iUOQVso869ycU%2BU0yJt1tFeO5aSfZfRFoNpRGOx6fLoPY4OZSNo4s8R9UXsmyK0GaSEekiSDNgROSvwBeEw5A9YK6JOS24tBmKmBzM9cI3El%2FmmbxtM0wdkEwKlRxbn89orE5%2BgrpFfdySCVB0s%2FWCL59BVINWNUvNXMY1jQ6UrMVICxMky1sigJ0amBxH1h6cRLV0kTZM3JI4y%2FIfC%2FQTtJOvKIHtB56O4fw%3D%3D',
  name: 'projects/minbehandling-d1be9/locations/us-central1/functions/pushStory',
  labels: { 'deployment-tool': 'cli-firebase' },
  eventTrigger: 
   { resource: 'projects/minbehandling-d1be9/databases/(default)/documents/mystories/{storyId}/comments/{commentId}',
     eventType: 'providers/cloud.firestore/eventTypes/document.create',
     service: 'firestore.googleapis.com' } } 
 Wed Jul 11 2018 22:52:25 GMT+0200 (W. Europe Daylight Time)
[debug] [2018-07-11T20:52:25.187Z] >>> HTTP REQUEST PATCH https://cloudfunctions.googleapis.com/v1/projects/minbehandling-d1be9/locations/us-central1/functions/pushForum 
query params: {"updateMask":"sourceUploadUrl,name,labels,eventTrigger.resource,eventTrigger.eventType,eventTrigger.service"} 
 { sourceUploadUrl: 'https://storage.googleapis.com/gcf-upload-us-central1-95f2a518-8253-4f46-b7a6-5950729be2a6/09f477ca-38c7-4f55-ac51-41bed2c3c029.zip?GoogleAccessId=service-162278923185@gcf-admin-robot.iam.gserviceaccount.com&Expires=1531344142&Signature=KZ%2FlXGS35Lx61mG4ZdhuVli54HJszV6p1Rn3%2BuGtL5UjvLpf1NYbCvL9f7TjrFn0ejlEtz0ZiCdE0ycILWAx9R%2FDi2fDTeGjgWRQhmovBAp%2FDLfN2iUOQVso869ycU%2BU0yJt1tFeO5aSfZfRFoNpRGOx6fLoPY4OZSNo4s8R9UXsmyK0GaSEekiSDNgROSvwBeEw5A9YK6JOS24tBmKmBzM9cI3El%2FmmbxtM0wdkEwKlRxbn89orE5%2BgrpFfdySCVB0s%2FWCL59BVINWNUvNXMY1jQ6UrMVICxMky1sigJ0amBxH1h6cRLV0kTZM3JI4y%2FIfC%2FQTtJOvKIHtB56O4fw%3D%3D',
  name: 'projects/minbehandling-d1be9/locations/us-central1/functions/pushForum',
  labels: { 'deployment-tool': 'cli-firebase' },
  eventTrigger: 
   { resource: 'projects/minbehandling-d1be9/databases/(default)/documents/forumcomments/{id}',
     eventType: 'providers/cloud.firestore/eventTypes/document.create',
     service: 'firestore.googleapis.com' } } 
 Wed Jul 11 2018 22:52:25 GMT+0200 (W. Europe Daylight Time)
[debug] [2018-07-11T20:52:25.799Z] <<< HTTP RESPONSE 200
[debug] [2018-07-11T20:52:25.806Z] <<< HTTP RESPONSE 200
[debug] [2018-07-11T20:52:25.879Z] <<< HTTP RESPONSE 200
[debug] [2018-07-11T20:52:25.882Z] <<< HTTP RESPONSE 200
[debug] [2018-07-11T20:52:25.882Z] >>> HTTP REQUEST GET https://cloudfunctions.googleapis.com/v1/projects/minbehandling-d1be9/locations/us-central1/functions  
  
 Wed Jul 11 2018 22:52:25 GMT+0200 (W. Europe Daylight Time)
[debug] [2018-07-11T20:52:26.345Z] <<< HTTP RESPONSE 200
[debug] [2018-07-11T20:52:26.346Z] >>> HTTP REQUEST GET https://cloudfunctions.googleapis.com/v1/operations/bWluYmVoYW5kbGluZy1kMWJlOS91cy1jZW50cmFsMS9jcmVhdGVFdmVudHMvNFZ5OEd1WUF3ajQ  
  
 Wed Jul 11 2018 22:52:26 GMT+0200 (W. Europe Daylight Time)
[debug] [2018-07-11T20:52:26.346Z] >>> HTTP REQUEST GET https://cloudfunctions.googleapis.com/v1/operations/bWluYmVoYW5kbGluZy1kMWJlOS91cy1jZW50cmFsMS9wdXNoU3VwcG9ydC81R1BqS1VfWlRrNA  
  
 Wed Jul 11 2018 22:52:26 GMT+0200 (W. Europe Daylight Time)
[debug] [2018-07-11T20:52:26.347Z] >>> HTTP REQUEST GET https://cloudfunctions.googleapis.com/v1/operations/bWluYmVoYW5kbGluZy1kMWJlOS91cy1jZW50cmFsMS9wdXNoU3RvcnkvNEV6VldsNmo0WWM  
  
 Wed Jul 11 2018 22:52:26 GMT+0200 (W. Europe Daylight Time)
[debug] [2018-07-11T20:52:26.347Z] >>> HTTP REQUEST GET https://cloudfunctions.googleapis.com/v1/operations/bWluYmVoYW5kbGluZy1kMWJlOS91cy1jZW50cmFsMS9wdXNoRm9ydW0vbGcxOTVtRHZOeTg  
  
 Wed Jul 11 2018 22:52:26 GMT+0200 (W. Europe Daylight Time)
[debug] [2018-07-11T20:52:26.774Z] <<< HTTP RESPONSE 200
[debug] [2018-07-11T20:52:26.786Z] <<< HTTP RESPONSE 200
[debug] [2018-07-11T20:52:26.791Z] <<< HTTP RESPONSE 200
[debug] [2018-07-11T20:52:26.815Z] <<< HTTP RESPONSE 200
[debug] [2018-07-11T20:52:28.776Z] >>> HTTP REQUEST GET https://cloudfunctions.googleapis.com/v1/operations/bWluYmVoYW5kbGluZy1kMWJlOS91cy1jZW50cmFsMS9wdXNoU3VwcG9ydC81R1BqS1VfWlRrNA  
  
 Wed Jul 11 2018 22:52:28 GMT+0200 (W. Europe Daylight Time)
[debug] [2018-07-11T20:52:28.788Z] >>> HTTP REQUEST GET https://cloudfunctions.googleapis.com/v1/operations/bWluYmVoYW5kbGluZy1kMWJlOS91cy1jZW50cmFsMS9wdXNoU3RvcnkvNEV6VldsNmo0WWM  
  
 Wed Jul 11 2018 22:52:28 GMT+0200 (W. Europe Daylight Time)
[debug] [2018-07-11T20:52:28.793Z] >>> HTTP REQUEST GET https://cloudfunctions.googleapis.com/v1/operations/bWluYmVoYW5kbGluZy1kMWJlOS91cy1jZW50cmFsMS9wdXNoRm9ydW0vbGcxOTVtRHZOeTg  
  
 Wed Jul 11 2018 22:52:28 GMT+0200 (W. Europe Daylight Time)
[debug] [2018-07-11T20:52:28.815Z] >>> HTTP REQUEST GET https://cloudfunctions.googleapis.com/v1/operations/bWluYmVoYW5kbGluZy1kMWJlOS91cy1jZW50cmFsMS9jcmVhdGVFdmVudHMvNFZ5OEd1WUF3ajQ  
  
 Wed Jul 11 2018 22:52:28 GMT+0200 (W. Europe Daylight Time)
[debug] [2018-07-11T20:52:29.041Z] <<< HTTP RESPONSE 200
[debug] [2018-07-11T20:52:29.213Z] <<< HTTP RESPONSE 200
[debug] [2018-07-11T20:52:29.228Z] <<< HTTP RESPONSE 200
[debug] [2018-07-11T20:52:29.252Z] <<< HTTP RESPONSE 200
[debug] [2018-07-11T20:52:31.042Z] >>> HTTP REQUEST GET https://cloudfunctions.googleapis.com/v1/operations/bWluYmVoYW5kbGluZy1kMWJlOS91cy1jZW50cmFsMS9wdXNoU3RvcnkvNEV6VldsNmo0WWM  
  
 Wed Jul 11 2018 22:52:31 GMT+0200 (W. Europe Daylight Time)
[debug] [2018-07-11T20:52:31.215Z] >>> HTTP REQUEST GET https://cloudfunctions.googleapis.com/v1/operations/bWluYmVoYW5kbGluZy1kMWJlOS91cy1jZW50cmFsMS9wdXNoU3VwcG9ydC81R1BqS1VfWlRrNA  
  
 Wed Jul 11 2018 22:52:31 GMT+0200 (W. Europe Daylight Time)
[debug] [2018-07-11T20:52:31.230Z] >>> HTTP REQUEST GET https://cloudfunctions.googleapis.com/v1/operations/bWluYmVoYW5kbGluZy1kMWJlOS91cy1jZW50cmFsMS9wdXNoRm9ydW0vbGcxOTVtRHZOeTg  
  
 Wed Jul 11 2018 22:52:31 GMT+0200 (W. Europe Daylight Time)
[debug] [2018-07-11T20:52:31.253Z] >>> HTTP REQUEST GET https://cloudfunctions.googleapis.com/v1/operations/bWluYmVoYW5kbGluZy1kMWJlOS91cy1jZW50cmFsMS9jcmVhdGVFdmVudHMvNFZ5OEd1WUF3ajQ  
  
 Wed Jul 11 2018 22:52:31 GMT+0200 (W. Europe Daylight Time)
[debug] [2018-07-11T20:52:31.464Z] <<< HTTP RESPONSE 200
[debug] [2018-07-11T20:52:31.633Z] <<< HTTP RESPONSE 200
[debug] [2018-07-11T20:52:31.666Z] <<< HTTP RESPONSE 200
[debug] [2018-07-11T20:52:31.704Z] <<< HTTP RESPONSE 200
[debug] [2018-07-11T20:52:33.465Z] >>> HTTP REQUEST GET https://cloudfunctions.googleapis.com/v1/operations/bWluYmVoYW5kbGluZy1kMWJlOS91cy1jZW50cmFsMS9wdXNoU3RvcnkvNEV6VldsNmo0WWM  
  
 Wed Jul 11 2018 22:52:33 GMT+0200 (W. Europe Daylight Time)
[debug] [2018-07-11T20:52:33.634Z] >>> HTTP REQUEST GET https://cloudfunctions.googleapis.com/v1/operations/bWluYmVoYW5kbGluZy1kMWJlOS91cy1jZW50cmFsMS9wdXNoU3VwcG9ydC81R1BqS1VfWlRrNA  
  
 Wed Jul 11 2018 22:52:33 GMT+0200 (W. Europe Daylight Time)
[debug] [2018-07-11T20:52:33.666Z] >>> HTTP REQUEST GET https://cloudfunctions.googleapis.com/v1/operations/bWluYmVoYW5kbGluZy1kMWJlOS91cy1jZW50cmFsMS9wdXNoRm9ydW0vbGcxOTVtRHZOeTg  
  
 Wed Jul 11 2018 22:52:33 GMT+0200 (W. Europe Daylight Time)
[debug] [2018-07-11T20:52:33.704Z] >>> HTTP REQUEST GET https://cloudfunctions.googleapis.com/v1/operations/bWluYmVoYW5kbGluZy1kMWJlOS91cy1jZW50cmFsMS9jcmVhdGVFdmVudHMvNFZ5OEd1WUF3ajQ  
  
 Wed Jul 11 2018 22:52:33 GMT+0200 (W. Europe Daylight Time)
[debug] [2018-07-11T20:52:33.895Z] <<< HTTP RESPONSE 200
[debug] [2018-07-11T20:52:34.057Z] <<< HTTP RESPONSE 200
[debug] [2018-07-11T20:52:34.106Z] <<< HTTP RESPONSE 200
[debug] [2018-07-11T20:52:34.124Z] <<< HTTP RESPONSE 200
[debug] [2018-07-11T20:52:35.898Z] >>> HTTP REQUEST GET https://cloudfunctions.googleapis.com/v1/operations/bWluYmVoYW5kbGluZy1kMWJlOS91cy1jZW50cmFsMS9wdXNoU3RvcnkvNEV6VldsNmo0WWM  
  
 Wed Jul 11 2018 22:52:35 GMT+0200 (W. Europe Daylight Time)
[debug] [2018-07-11T20:52:36.058Z] >>> HTTP REQUEST GET https://cloudfunctions.googleapis.com/v1/operations/bWluYmVoYW5kbGluZy1kMWJlOS91cy1jZW50cmFsMS9wdXNoU3VwcG9ydC81R1BqS1VfWlRrNA  
  
 Wed Jul 11 2018 22:52:36 GMT+0200 (W. Europe Daylight Time)
[debug] [2018-07-11T20:52:36.108Z] >>> HTTP REQUEST GET https://cloudfunctions.googleapis.com/v1/operations/bWluYmVoYW5kbGluZy1kMWJlOS91cy1jZW50cmFsMS9wdXNoRm9ydW0vbGcxOTVtRHZOeTg  
  
 Wed Jul 11 2018 22:52:36 GMT+0200 (W. Europe Daylight Time)
[debug] [2018-07-11T20:52:36.126Z] >>> HTTP REQUEST GET https://cloudfunctions.googleapis.com/v1/operations/bWluYmVoYW5kbGluZy1kMWJlOS91cy1jZW50cmFsMS9jcmVhdGVFdmVudHMvNFZ5OEd1WUF3ajQ  
  
 Wed Jul 11 2018 22:52:36 GMT+0200 (W. Europe Daylight Time)
[debug] [2018-07-11T20:52:36.325Z] <<< HTTP RESPONSE 200
[debug] [2018-07-11T20:52:36.493Z] <<< HTTP RESPONSE 200
[debug] [2018-07-11T20:52:36.518Z] <<< HTTP RESPONSE 200
[debug] [2018-07-11T20:52:36.547Z] <<< HTTP RESPONSE 200
[debug] [2018-07-11T20:52:38.326Z] >>> HTTP REQUEST GET https://cloudfunctions.googleapis.com/v1/operations/bWluYmVoYW5kbGluZy1kMWJlOS91cy1jZW50cmFsMS9wdXNoU3RvcnkvNEV6VldsNmo0WWM  
  
 Wed Jul 11 2018 22:52:38 GMT+0200 (W. Europe Daylight Time)
[debug] [2018-07-11T20:52:38.494Z] >>> HTTP REQUEST GET https://cloudfunctions.googleapis.com/v1/operations/bWluYmVoYW5kbGluZy1kMWJlOS91cy1jZW50cmFsMS9wdXNoU3VwcG9ydC81R1BqS1VfWlRrNA  
  
 Wed Jul 11 2018 22:52:38 GMT+0200 (W. Europe Daylight Time)
[debug] [2018-07-11T20:52:38.520Z] >>> HTTP REQUEST GET https://cloudfunctions.googleapis.com/v1/operations/bWluYmVoYW5kbGluZy1kMWJlOS91cy1jZW50cmFsMS9wdXNoRm9ydW0vbGcxOTVtRHZOeTg  
  
 Wed Jul 11 2018 22:52:38 GMT+0200 (W. Europe Daylight Time)
[debug] [2018-07-11T20:52:38.547Z] >>> HTTP REQUEST GET https://cloudfunctions.googleapis.com/v1/operations/bWluYmVoYW5kbGluZy1kMWJlOS91cy1jZW50cmFsMS9jcmVhdGVFdmVudHMvNFZ5OEd1WUF3ajQ  
  
 Wed Jul 11 2018 22:52:38 GMT+0200 (W. Europe Daylight Time)
[debug] [2018-07-11T20:52:38.769Z] <<< HTTP RESPONSE 200
[debug] [2018-07-11T20:52:38.919Z] <<< HTTP RESPONSE 200
[debug] [2018-07-11T20:52:38.946Z] <<< HTTP RESPONSE 200
[debug] [2018-07-11T20:52:38.970Z] <<< HTTP RESPONSE 200
[debug] [2018-07-11T20:52:40.770Z] >>> HTTP REQUEST GET https://cloudfunctions.googleapis.com/v1/operations/bWluYmVoYW5kbGluZy1kMWJlOS91cy1jZW50cmFsMS9wdXNoU3RvcnkvNEV6VldsNmo0WWM  
  
 Wed Jul 11 2018 22:52:40 GMT+0200 (W. Europe Daylight Time)
[debug] [2018-07-11T20:52:40.921Z] >>> HTTP REQUEST GET https://cloudfunctions.googleapis.com/v1/operations/bWluYmVoYW5kbGluZy1kMWJlOS91cy1jZW50cmFsMS9wdXNoU3VwcG9ydC81R1BqS1VfWlRrNA  
  
 Wed Jul 11 2018 22:52:40 GMT+0200 (W. Europe Daylight Time)
[debug] [2018-07-11T20:52:40.947Z] >>> HTTP REQUEST GET https://cloudfunctions.googleapis.com/v1/operations/bWluYmVoYW5kbGluZy1kMWJlOS91cy1jZW50cmFsMS9wdXNoRm9ydW0vbGcxOTVtRHZOeTg  
  
 Wed Jul 11 2018 22:52:40 GMT+0200 (W. Europe Daylight Time)
[debug] [2018-07-11T20:52:40.971Z] >>> HTTP REQUEST GET https://cloudfunctions.googleapis.com/v1/operations/bWluYmVoYW5kbGluZy1kMWJlOS91cy1jZW50cmFsMS9jcmVhdGVFdmVudHMvNFZ5OEd1WUF3ajQ  
  
 Wed Jul 11 2018 22:52:40 GMT+0200 (W. Europe Daylight Time)
[debug] [2018-07-11T20:52:41.219Z] <<< HTTP RESPONSE 200
[debug] [2018-07-11T20:52:41.344Z] <<< HTTP RESPONSE 200
[debug] [2018-07-11T20:52:41.384Z] <<< HTTP RESPONSE 200
[info] +  functions[pushForum]: Successful update operation. 
[debug] [2018-07-11T20:52:41.394Z] <<< HTTP RESPONSE 200
[debug] [2018-07-11T20:52:43.219Z] >>> HTTP REQUEST GET https://cloudfunctions.googleapis.com/v1/operations/bWluYmVoYW5kbGluZy1kMWJlOS91cy1jZW50cmFsMS9wdXNoU3RvcnkvNEV6VldsNmo0WWM  
  
 Wed Jul 11 2018 22:52:43 GMT+0200 (W. Europe Daylight Time)
[debug] [2018-07-11T20:52:43.346Z] >>> HTTP REQUEST GET https://cloudfunctions.googleapis.com/v1/operations/bWluYmVoYW5kbGluZy1kMWJlOS91cy1jZW50cmFsMS9wdXNoU3VwcG9ydC81R1BqS1VfWlRrNA  
  
 Wed Jul 11 2018 22:52:43 GMT+0200 (W. Europe Daylight Time)
[debug] [2018-07-11T20:52:43.394Z] >>> HTTP REQUEST GET https://cloudfunctions.googleapis.com/v1/operations/bWluYmVoYW5kbGluZy1kMWJlOS91cy1jZW50cmFsMS9jcmVhdGVFdmVudHMvNFZ5OEd1WUF3ajQ  
  
 Wed Jul 11 2018 22:52:43 GMT+0200 (W. Europe Daylight Time)
[debug] [2018-07-11T20:52:43.648Z] <<< HTTP RESPONSE 200
[debug] [2018-07-11T20:52:43.765Z] <<< HTTP RESPONSE 200
[debug] [2018-07-11T20:52:43.822Z] <<< HTTP RESPONSE 200
[debug] [2018-07-11T20:52:45.648Z] >>> HTTP REQUEST GET https://cloudfunctions.googleapis.com/v1/operations/bWluYmVoYW5kbGluZy1kMWJlOS91cy1jZW50cmFsMS9wdXNoU3RvcnkvNEV6VldsNmo0WWM  
  
 Wed Jul 11 2018 22:52:45 GMT+0200 (W. Europe Daylight Time)
[debug] [2018-07-11T20:52:45.767Z] >>> HTTP REQUEST GET https://cloudfunctions.googleapis.com/v1/operations/bWluYmVoYW5kbGluZy1kMWJlOS91cy1jZW50cmFsMS9wdXNoU3VwcG9ydC81R1BqS1VfWlRrNA  
  
 Wed Jul 11 2018 22:52:45 GMT+0200 (W. Europe Daylight Time)
[debug] [2018-07-11T20:52:45.823Z] >>> HTTP REQUEST GET https://cloudfunctions.googleapis.com/v1/operations/bWluYmVoYW5kbGluZy1kMWJlOS91cy1jZW50cmFsMS9jcmVhdGVFdmVudHMvNFZ5OEd1WUF3ajQ  
  
 Wed Jul 11 2018 22:52:45 GMT+0200 (W. Europe Daylight Time)
[debug] [2018-07-11T20:52:46.070Z] <<< HTTP RESPONSE 200
[debug] [2018-07-11T20:52:46.204Z] <<< HTTP RESPONSE 200
[debug] [2018-07-11T20:52:46.252Z] <<< HTTP RESPONSE 200
[debug] [2018-07-11T20:52:48.070Z] >>> HTTP REQUEST GET https://cloudfunctions.googleapis.com/v1/operations/bWluYmVoYW5kbGluZy1kMWJlOS91cy1jZW50cmFsMS9wdXNoU3RvcnkvNEV6VldsNmo0WWM  
  
 Wed Jul 11 2018 22:52:48 GMT+0200 (W. Europe Daylight Time)
[debug] [2018-07-11T20:52:48.205Z] >>> HTTP REQUEST GET https://cloudfunctions.googleapis.com/v1/operations/bWluYmVoYW5kbGluZy1kMWJlOS91cy1jZW50cmFsMS9wdXNoU3VwcG9ydC81R1BqS1VfWlRrNA  
  
 Wed Jul 11 2018 22:52:48 GMT+0200 (W. Europe Daylight Time)
[debug] [2018-07-11T20:52:48.252Z] >>> HTTP REQUEST GET https://cloudfunctions.googleapis.com/v1/operations/bWluYmVoYW5kbGluZy1kMWJlOS91cy1jZW50cmFsMS9jcmVhdGVFdmVudHMvNFZ5OEd1WUF3ajQ  
  
 Wed Jul 11 2018 22:52:48 GMT+0200 (W. Europe Daylight Time)
[debug] [2018-07-11T20:52:48.497Z] <<< HTTP RESPONSE 200
[debug] [2018-07-11T20:52:48.621Z] <<< HTTP RESPONSE 200
[debug] [2018-07-11T20:52:48.667Z] <<< HTTP RESPONSE 200
[debug] [2018-07-11T20:52:50.498Z] >>> HTTP REQUEST GET https://cloudfunctions.googleapis.com/v1/operations/bWluYmVoYW5kbGluZy1kMWJlOS91cy1jZW50cmFsMS9wdXNoU3RvcnkvNEV6VldsNmo0WWM  
  
 Wed Jul 11 2018 22:52:50 GMT+0200 (W. Europe Daylight Time)
[debug] [2018-07-11T20:52:50.622Z] >>> HTTP REQUEST GET https://cloudfunctions.googleapis.com/v1/operations/bWluYmVoYW5kbGluZy1kMWJlOS91cy1jZW50cmFsMS9wdXNoU3VwcG9ydC81R1BqS1VfWlRrNA  
  
 Wed Jul 11 2018 22:52:50 GMT+0200 (W. Europe Daylight Time)
[debug] [2018-07-11T20:52:50.669Z] >>> HTTP REQUEST GET https://cloudfunctions.googleapis.com/v1/operations/bWluYmVoYW5kbGluZy1kMWJlOS91cy1jZW50cmFsMS9jcmVhdGVFdmVudHMvNFZ5OEd1WUF3ajQ  
  
 Wed Jul 11 2018 22:52:50 GMT+0200 (W. Europe Daylight Time)
[debug] [2018-07-11T20:52:50.924Z] <<< HTTP RESPONSE 200
[debug] [2018-07-11T20:52:51.048Z] <<< HTTP RESPONSE 200
[debug] [2018-07-11T20:52:51.084Z] <<< HTTP RESPONSE 200
[debug] [2018-07-11T20:52:52.925Z] >>> HTTP REQUEST GET https://cloudfunctions.googleapis.com/v1/operations/bWluYmVoYW5kbGluZy1kMWJlOS91cy1jZW50cmFsMS9wdXNoU3RvcnkvNEV6VldsNmo0WWM  
  
 Wed Jul 11 2018 22:52:52 GMT+0200 (W. Europe Daylight Time)
[debug] [2018-07-11T20:52:53.049Z] >>> HTTP REQUEST GET https://cloudfunctions.googleapis.com/v1/operations/bWluYmVoYW5kbGluZy1kMWJlOS91cy1jZW50cmFsMS9wdXNoU3VwcG9ydC81R1BqS1VfWlRrNA  
  
 Wed Jul 11 2018 22:52:53 GMT+0200 (W. Europe Daylight Time)
[debug] [2018-07-11T20:52:53.085Z] >>> HTTP REQUEST GET https://cloudfunctions.googleapis.com/v1/operations/bWluYmVoYW5kbGluZy1kMWJlOS91cy1jZW50cmFsMS9jcmVhdGVFdmVudHMvNFZ5OEd1WUF3ajQ  
  
 Wed Jul 11 2018 22:52:53 GMT+0200 (W. Europe Daylight Time)
[debug] [2018-07-11T20:52:53.319Z] <<< HTTP RESPONSE 200
[debug] [2018-07-11T20:52:53.355Z] <<< HTTP RESPONSE 200
[debug] [2018-07-11T20:52:53.480Z] <<< HTTP RESPONSE 200
[debug] [2018-07-11T20:52:55.321Z] >>> HTTP REQUEST GET https://cloudfunctions.googleapis.com/v1/operations/bWluYmVoYW5kbGluZy1kMWJlOS91cy1jZW50cmFsMS9jcmVhdGVFdmVudHMvNFZ5OEd1WUF3ajQ  
  
 Wed Jul 11 2018 22:52:55 GMT+0200 (W. Europe Daylight Time)
[debug] [2018-07-11T20:52:55.355Z] >>> HTTP REQUEST GET https://cloudfunctions.googleapis.com/v1/operations/bWluYmVoYW5kbGluZy1kMWJlOS91cy1jZW50cmFsMS9wdXNoU3RvcnkvNEV6VldsNmo0WWM  
  
 Wed Jul 11 2018 22:52:55 GMT+0200 (W. Europe Daylight Time)
[debug] [2018-07-11T20:52:55.481Z] >>> HTTP REQUEST GET https://cloudfunctions.googleapis.com/v1/operations/bWluYmVoYW5kbGluZy1kMWJlOS91cy1jZW50cmFsMS9wdXNoU3VwcG9ydC81R1BqS1VfWlRrNA  
  
 Wed Jul 11 2018 22:52:55 GMT+0200 (W. Europe Daylight Time)
[debug] [2018-07-11T20:52:55.647Z] <<< HTTP RESPONSE 200
[debug] [2018-07-11T20:52:55.771Z] <<< HTTP RESPONSE 200
[debug] [2018-07-11T20:52:55.909Z] <<< HTTP RESPONSE 200
[debug] [2018-07-11T20:52:57.647Z] >>> HTTP REQUEST GET https://cloudfunctions.googleapis.com/v1/operations/bWluYmVoYW5kbGluZy1kMWJlOS91cy1jZW50cmFsMS9jcmVhdGVFdmVudHMvNFZ5OEd1WUF3ajQ  
  
 Wed Jul 11 2018 22:52:57 GMT+0200 (W. Europe Daylight Time)
[debug] [2018-07-11T20:52:57.772Z] >>> HTTP REQUEST GET https://cloudfunctions.googleapis.com/v1/operations/bWluYmVoYW5kbGluZy1kMWJlOS91cy1jZW50cmFsMS9wdXNoU3RvcnkvNEV6VldsNmo0WWM  
  
 Wed Jul 11 2018 22:52:57 GMT+0200 (W. Europe Daylight Time)
[debug] [2018-07-11T20:52:57.910Z] >>> HTTP REQUEST GET https://cloudfunctions.googleapis.com/v1/operations/bWluYmVoYW5kbGluZy1kMWJlOS91cy1jZW50cmFsMS9wdXNoU3VwcG9ydC81R1BqS1VfWlRrNA  
  
 Wed Jul 11 2018 22:52:57 GMT+0200 (W. Europe Daylight Time)
[debug] [2018-07-11T20:52:58.089Z] <<< HTTP RESPONSE 200
[debug] [2018-07-11T20:52:58.202Z] <<< HTTP RESPONSE 200
[debug] [2018-07-11T20:52:58.327Z] <<< HTTP RESPONSE 200
[debug] [2018-07-11T20:53:00.090Z] >>> HTTP REQUEST GET https://cloudfunctions.googleapis.com/v1/operations/bWluYmVoYW5kbGluZy1kMWJlOS91cy1jZW50cmFsMS9jcmVhdGVFdmVudHMvNFZ5OEd1WUF3ajQ  
  
 Wed Jul 11 2018 22:53:00 GMT+0200 (W. Europe Daylight Time)
[debug] [2018-07-11T20:53:00.203Z] >>> HTTP REQUEST GET https://cloudfunctions.googleapis.com/v1/operations/bWluYmVoYW5kbGluZy1kMWJlOS91cy1jZW50cmFsMS9wdXNoU3RvcnkvNEV6VldsNmo0WWM  
  
 Wed Jul 11 2018 22:53:00 GMT+0200 (W. Europe Daylight Time)
[debug] [2018-07-11T20:53:00.327Z] >>> HTTP REQUEST GET https://cloudfunctions.googleapis.com/v1/operations/bWluYmVoYW5kbGluZy1kMWJlOS91cy1jZW50cmFsMS9wdXNoU3VwcG9ydC81R1BqS1VfWlRrNA  
  
 Wed Jul 11 2018 22:53:00 GMT+0200 (W. Europe Daylight Time)
[debug] [2018-07-11T20:53:00.431Z] <<< HTTP RESPONSE 200
[debug] [2018-07-11T20:53:00.506Z] <<< HTTP RESPONSE 200
[debug] [2018-07-11T20:53:00.748Z] <<< HTTP RESPONSE 200
[debug] [2018-07-11T20:53:02.432Z] >>> HTTP REQUEST GET https://cloudfunctions.googleapis.com/v1/operations/bWluYmVoYW5kbGluZy1kMWJlOS91cy1jZW50cmFsMS9wdXNoU3RvcnkvNEV6VldsNmo0WWM  
  
 Wed Jul 11 2018 22:53:02 GMT+0200 (W. Europe Daylight Time)
[debug] [2018-07-11T20:53:02.506Z] >>> HTTP REQUEST GET https://cloudfunctions.googleapis.com/v1/operations/bWluYmVoYW5kbGluZy1kMWJlOS91cy1jZW50cmFsMS9jcmVhdGVFdmVudHMvNFZ5OEd1WUF3ajQ  
  
 Wed Jul 11 2018 22:53:02 GMT+0200 (W. Europe Daylight Time)
[debug] [2018-07-11T20:53:02.750Z] >>> HTTP REQUEST GET https://cloudfunctions.googleapis.com/v1/operations/bWluYmVoYW5kbGluZy1kMWJlOS91cy1jZW50cmFsMS9wdXNoU3VwcG9ydC81R1BqS1VfWlRrNA  
  
 Wed Jul 11 2018 22:53:02 GMT+0200 (W. Europe Daylight Time)
[debug] [2018-07-11T20:53:02.854Z] <<< HTTP RESPONSE 200
[debug] [2018-07-11T20:53:02.934Z] <<< HTTP RESPONSE 200
[debug] [2018-07-11T20:53:03.187Z] <<< HTTP RESPONSE 200
[debug] [2018-07-11T20:53:04.856Z] >>> HTTP REQUEST GET https://cloudfunctions.googleapis.com/v1/operations/bWluYmVoYW5kbGluZy1kMWJlOS91cy1jZW50cmFsMS9wdXNoU3RvcnkvNEV6VldsNmo0WWM  
  
 Wed Jul 11 2018 22:53:04 GMT+0200 (W. Europe Daylight Time)
[debug] [2018-07-11T20:53:04.935Z] >>> HTTP REQUEST GET https://cloudfunctions.googleapis.com/v1/operations/bWluYmVoYW5kbGluZy1kMWJlOS91cy1jZW50cmFsMS9jcmVhdGVFdmVudHMvNFZ5OEd1WUF3ajQ  
  
 Wed Jul 11 2018 22:53:04 GMT+0200 (W. Europe Daylight Time)
[debug] [2018-07-11T20:53:05.187Z] >>> HTTP REQUEST GET https://cloudfunctions.googleapis.com/v1/operations/bWluYmVoYW5kbGluZy1kMWJlOS91cy1jZW50cmFsMS9wdXNoU3VwcG9ydC81R1BqS1VfWlRrNA  
  
 Wed Jul 11 2018 22:53:05 GMT+0200 (W. Europe Daylight Time)
[debug] [2018-07-11T20:53:05.277Z] <<< HTTP RESPONSE 200
[debug] [2018-07-11T20:53:05.361Z] <<< HTTP RESPONSE 200
[debug] [2018-07-11T20:53:05.613Z] <<< HTTP RESPONSE 200
